{"D:\\Code\\cellAuto\\auto\\cell-auto\\src\\App.vue": {"path":"D:\\Code\\cellAuto\\auto\\cell-auto\\src\\App.vue","statementMap":{"0":{"start":{"line":10,"column":0},"end":{"line":null,"column":-1}}},"fnMap":{},"branchMap":{},"s":{"0":0},"f":{},"b":{}}
,"D:\\Code\\cellAuto\\auto\\cell-auto\\src\\components\\cell-auto.vue": {"path":"D:\\Code\\cellAuto\\auto\\cell-auto\\src\\components\\cell-auto.vue","statementMap":{"0":{"start":{"line":76,"column":0},"end":{"line":null,"column":-1}},"1":{"start":{"line":80,"column":0},"end":{"line":null,"column":-1}},"2":{"start":{"line":129,"column":0},"end":{"line":null,"column":-1}},"3":{"start":{"line":133,"column":0},"end":{"line":null,"column":-1}},"4":{"start":{"line":134,"column":0},"end":{"line":null,"column":-1}},"5":{"start":{"line":135,"column":0},"end":{"line":null,"column":-1}},"6":{"start":{"line":136,"column":0},"end":{"line":null,"column":-1}},"7":{"start":{"line":137,"column":0},"end":{"line":null,"column":-1}},"8":{"start":{"line":138,"column":0},"end":{"line":null,"column":-1}},"9":{"start":{"line":139,"column":0},"end":{"line":null,"column":-1}},"10":{"start":{"line":140,"column":0},"end":{"line":null,"column":-1}},"11":{"start":{"line":142,"column":0},"end":{"line":null,"column":-1}},"12":{"start":{"line":146,"column":0},"end":{"line":null,"column":-1}},"13":{"start":{"line":148,"column":0},"end":{"line":null,"column":-1}},"14":{"start":{"line":149,"column":0},"end":{"line":null,"column":-1}},"15":{"start":{"line":152,"column":0},"end":{"line":null,"column":-1}},"16":{"start":{"line":153,"column":0},"end":{"line":null,"column":-1}},"17":{"start":{"line":155,"column":0},"end":{"line":160,"column":0}},"18":{"start":{"line":156,"column":0},"end":{"line":null,"column":-1}},"19":{"start":{"line":157,"column":0},"end":{"line":159,"column":0}},"20":{"start":{"line":158,"column":0},"end":{"line":null,"column":-1}},"21":{"start":{"line":161,"column":0},"end":{"line":null,"column":-1}},"22":{"start":{"line":164,"column":0},"end":{"line":175,"column":0}},"23":{"start":{"line":165,"column":0},"end":{"line":174,"column":0}},"24":{"start":{"line":166,"column":0},"end":{"line":null,"column":-1}},"25":{"start":{"line":168,"column":0},"end":{"line":null,"column":-1}},"26":{"start":{"line":176,"column":0},"end":{"line":null,"column":-1}},"27":{"start":{"line":179,"column":0},"end":{"line":null,"column":-1}},"28":{"start":{"line":182,"column":0},"end":{"line":null,"column":-1}},"29":{"start":{"line":183,"column":0},"end":{"line":null,"column":-1}},"30":{"start":{"line":184,"column":0},"end":{"line":186,"column":0}},"31":{"start":{"line":185,"column":0},"end":{"line":null,"column":-1}},"32":{"start":{"line":189,"column":0},"end":{"line":null,"column":-1}},"33":{"start":{"line":191,"column":0},"end":{"line":null,"column":-1}},"34":{"start":{"line":194,"column":0},"end":{"line":null,"column":-1}},"35":{"start":{"line":196,"column":0},"end":{"line":null,"column":-1}},"36":{"start":{"line":204,"column":0},"end":{"line":null,"column":-1}},"37":{"start":{"line":205,"column":0},"end":{"line":211,"column":0}},"38":{"start":{"line":206,"column":0},"end":{"line":null,"column":-1}},"39":{"start":{"line":207,"column":0},"end":{"line":210,"column":0}},"40":{"start":{"line":208,"column":0},"end":{"line":null,"column":-1}},"41":{"start":{"line":209,"column":0},"end":{"line":null,"column":-1}},"42":{"start":{"line":212,"column":0},"end":{"line":null,"column":-1}},"43":{"start":{"line":213,"column":0},"end":{"line":null,"column":-1}},"44":{"start":{"line":216,"column":0},"end":{"line":null,"column":-1}},"45":{"start":{"line":217,"column":0},"end":{"line":221,"column":0}},"46":{"start":{"line":218,"column":0},"end":{"line":220,"column":0}},"47":{"start":{"line":219,"column":0},"end":{"line":null,"column":-1}},"48":{"start":{"line":222,"column":0},"end":{"line":226,"column":0}},"49":{"start":{"line":223,"column":0},"end":{"line":225,"column":0}},"50":{"start":{"line":224,"column":0},"end":{"line":null,"column":-1}},"51":{"start":{"line":227,"column":0},"end":{"line":231,"column":0}},"52":{"start":{"line":228,"column":0},"end":{"line":230,"column":0}},"53":{"start":{"line":229,"column":0},"end":{"line":null,"column":-1}},"54":{"start":{"line":232,"column":0},"end":{"line":236,"column":0}},"55":{"start":{"line":233,"column":0},"end":{"line":235,"column":0}},"56":{"start":{"line":234,"column":0},"end":{"line":null,"column":-1}},"57":{"start":{"line":237,"column":0},"end":{"line":241,"column":0}},"58":{"start":{"line":238,"column":0},"end":{"line":240,"column":0}},"59":{"start":{"line":239,"column":0},"end":{"line":null,"column":-1}},"60":{"start":{"line":242,"column":0},"end":{"line":246,"column":0}},"61":{"start":{"line":243,"column":0},"end":{"line":245,"column":0}},"62":{"start":{"line":244,"column":0},"end":{"line":null,"column":-1}},"63":{"start":{"line":247,"column":0},"end":{"line":251,"column":0}},"64":{"start":{"line":248,"column":0},"end":{"line":250,"column":0}},"65":{"start":{"line":249,"column":0},"end":{"line":null,"column":-1}},"66":{"start":{"line":252,"column":0},"end":{"line":256,"column":0}},"67":{"start":{"line":253,"column":0},"end":{"line":255,"column":0}},"68":{"start":{"line":254,"column":0},"end":{"line":null,"column":-1}},"69":{"start":{"line":257,"column":0},"end":{"line":null,"column":-1}},"70":{"start":{"line":261,"column":0},"end":{"line":270,"column":0}},"71":{"start":{"line":262,"column":0},"end":{"line":null,"column":-1}},"72":{"start":{"line":263,"column":0},"end":{"line":270,"column":0}},"73":{"start":{"line":265,"column":0},"end":{"line":null,"column":-1}},"74":{"start":{"line":269,"column":0},"end":{"line":null,"column":-1}},"75":{"start":{"line":273,"column":0},"end":{"line":281,"column":0}},"76":{"start":{"line":274,"column":0},"end":{"line":280,"column":0}},"77":{"start":{"line":275,"column":0},"end":{"line":279,"column":0}},"78":{"start":{"line":276,"column":0},"end":{"line":null,"column":-1}},"79":{"start":{"line":278,"column":0},"end":{"line":null,"column":-1}},"80":{"start":{"line":282,"column":0},"end":{"line":null,"column":-1}},"81":{"start":{"line":285,"column":0},"end":{"line":289,"column":0}},"82":{"start":{"line":286,"column":0},"end":{"line":288,"column":0}},"83":{"start":{"line":287,"column":0},"end":{"line":null,"column":-1}},"84":{"start":{"line":290,"column":0},"end":{"line":null,"column":-1}},"85":{"start":{"line":293,"column":0},"end":{"line":null,"column":-1}},"86":{"start":{"line":294,"column":0},"end":{"line":null,"column":-1}},"87":{"start":{"line":297,"column":0},"end":{"line":null,"column":-1}},"88":{"start":{"line":298,"column":0},"end":{"line":null,"column":-1}},"89":{"start":{"line":301,"column":0},"end":{"line":306,"column":0}},"90":{"start":{"line":302,"column":0},"end":{"line":null,"column":-1}},"91":{"start":{"line":303,"column":0},"end":{"line":null,"column":-1}},"92":{"start":{"line":304,"column":0},"end":{"line":null,"column":-1}},"93":{"start":{"line":305,"column":0},"end":{"line":null,"column":-1}},"94":{"start":{"line":309,"column":0},"end":{"line":null,"column":-1}}},"fnMap":{"0":{"name":"(anonymous_2)","decl":{"start":{"line":129,"column":0},"end":{"line":null,"column":-1}},"loc":{"start":{"line":129,"column":0},"end":{"line":null,"column":-1}}}},"branchMap":{"0":{"loc":{"start":{"line":166,"column":0},"end":{"line":null,"column":-1}},"type":"cond-expr","locations":[{"start":{"line":166,"column":0},"end":{"line":null,"column":-1}},{"start":{"line":166,"column":0},"end":{"line":null,"column":-1}}]},"1":{"loc":{"start":{"line":184,"column":0},"end":{"line":186,"column":0}},"type":"if","locations":[{"start":{"line":184,"column":0},"end":{"line":186,"column":0}},{"start":{"line":184,"column":0},"end":{"line":186,"column":0}}]},"2":{"loc":{"start":{"line":194,"column":0},"end":{"line":null,"column":-1}},"type":"cond-expr","locations":[{"start":{"line":194,"column":0},"end":{"line":null,"column":-1}},{"start":{"line":194,"column":0},"end":{"line":null,"column":-1}}]},"3":{"loc":{"start":{"line":217,"column":0},"end":{"line":221,"column":0}},"type":"if","locations":[{"start":{"line":217,"column":0},"end":{"line":221,"column":0}},{"start":{"line":217,"column":0},"end":{"line":221,"column":0}}]},"4":{"loc":{"start":{"line":217,"column":0},"end":{"line":null,"column":-1}},"type":"binary-expr","locations":[{"start":{"line":217,"column":0},"end":{"line":null,"column":-1}},{"start":{"line":217,"column":0},"end":{"line":null,"column":-1}}]},"5":{"loc":{"start":{"line":218,"column":0},"end":{"line":220,"column":0}},"type":"if","locations":[{"start":{"line":218,"column":0},"end":{"line":220,"column":0}},{"start":{"line":218,"column":0},"end":{"line":220,"column":0}}]},"6":{"loc":{"start":{"line":222,"column":0},"end":{"line":226,"column":0}},"type":"if","locations":[{"start":{"line":222,"column":0},"end":{"line":226,"column":0}},{"start":{"line":222,"column":0},"end":{"line":226,"column":0}}]},"7":{"loc":{"start":{"line":223,"column":0},"end":{"line":225,"column":0}},"type":"if","locations":[{"start":{"line":223,"column":0},"end":{"line":225,"column":0}},{"start":{"line":223,"column":0},"end":{"line":225,"column":0}}]},"8":{"loc":{"start":{"line":227,"column":0},"end":{"line":231,"column":0}},"type":"if","locations":[{"start":{"line":227,"column":0},"end":{"line":231,"column":0}},{"start":{"line":227,"column":0},"end":{"line":231,"column":0}}]},"9":{"loc":{"start":{"line":227,"column":0},"end":{"line":null,"column":-1}},"type":"binary-expr","locations":[{"start":{"line":227,"column":0},"end":{"line":null,"column":-1}},{"start":{"line":227,"column":0},"end":{"line":null,"column":-1}}]},"10":{"loc":{"start":{"line":228,"column":0},"end":{"line":230,"column":0}},"type":"if","locations":[{"start":{"line":228,"column":0},"end":{"line":230,"column":0}},{"start":{"line":228,"column":0},"end":{"line":230,"column":0}}]},"11":{"loc":{"start":{"line":232,"column":0},"end":{"line":236,"column":0}},"type":"if","locations":[{"start":{"line":232,"column":0},"end":{"line":236,"column":0}},{"start":{"line":232,"column":0},"end":{"line":236,"column":0}}]},"12":{"loc":{"start":{"line":233,"column":0},"end":{"line":235,"column":0}},"type":"if","locations":[{"start":{"line":233,"column":0},"end":{"line":235,"column":0}},{"start":{"line":233,"column":0},"end":{"line":235,"column":0}}]},"13":{"loc":{"start":{"line":237,"column":0},"end":{"line":241,"column":0}},"type":"if","locations":[{"start":{"line":237,"column":0},"end":{"line":241,"column":0}},{"start":{"line":237,"column":0},"end":{"line":241,"column":0}}]},"14":{"loc":{"start":{"line":238,"column":0},"end":{"line":240,"column":0}},"type":"if","locations":[{"start":{"line":238,"column":0},"end":{"line":240,"column":0}},{"start":{"line":238,"column":0},"end":{"line":240,"column":0}}]},"15":{"loc":{"start":{"line":242,"column":0},"end":{"line":246,"column":0}},"type":"if","locations":[{"start":{"line":242,"column":0},"end":{"line":246,"column":0}},{"start":{"line":242,"column":0},"end":{"line":246,"column":0}}]},"16":{"loc":{"start":{"line":242,"column":0},"end":{"line":null,"column":-1}},"type":"binary-expr","locations":[{"start":{"line":242,"column":0},"end":{"line":null,"column":-1}},{"start":{"line":242,"column":0},"end":{"line":null,"column":-1}}]},"17":{"loc":{"start":{"line":243,"column":0},"end":{"line":245,"column":0}},"type":"if","locations":[{"start":{"line":243,"column":0},"end":{"line":245,"column":0}},{"start":{"line":243,"column":0},"end":{"line":245,"column":0}}]},"18":{"loc":{"start":{"line":247,"column":0},"end":{"line":251,"column":0}},"type":"if","locations":[{"start":{"line":247,"column":0},"end":{"line":251,"column":0}},{"start":{"line":247,"column":0},"end":{"line":251,"column":0}}]},"19":{"loc":{"start":{"line":248,"column":0},"end":{"line":250,"column":0}},"type":"if","locations":[{"start":{"line":248,"column":0},"end":{"line":250,"column":0}},{"start":{"line":248,"column":0},"end":{"line":250,"column":0}}]},"20":{"loc":{"start":{"line":252,"column":0},"end":{"line":256,"column":0}},"type":"if","locations":[{"start":{"line":252,"column":0},"end":{"line":256,"column":0}},{"start":{"line":252,"column":0},"end":{"line":256,"column":0}}]},"21":{"loc":{"start":{"line":252,"column":0},"end":{"line":null,"column":-1}},"type":"binary-expr","locations":[{"start":{"line":252,"column":0},"end":{"line":null,"column":-1}},{"start":{"line":252,"column":0},"end":{"line":null,"column":-1}}]},"22":{"loc":{"start":{"line":253,"column":0},"end":{"line":255,"column":0}},"type":"if","locations":[{"start":{"line":253,"column":0},"end":{"line":255,"column":0}},{"start":{"line":253,"column":0},"end":{"line":255,"column":0}}]},"23":{"loc":{"start":{"line":261,"column":0},"end":{"line":270,"column":0}},"type":"if","locations":[{"start":{"line":261,"column":0},"end":{"line":270,"column":0}},{"start":{"line":261,"column":0},"end":{"line":270,"column":0}}]},"24":{"loc":{"start":{"line":263,"column":0},"end":{"line":270,"column":0}},"type":"if","locations":[{"start":{"line":263,"column":0},"end":{"line":270,"column":0}},{"start":{"line":263,"column":0},"end":{"line":270,"column":0}}]},"25":{"loc":{"start":{"line":275,"column":0},"end":{"line":279,"column":0}},"type":"if","locations":[{"start":{"line":275,"column":0},"end":{"line":279,"column":0}},{"start":{"line":275,"column":0},"end":{"line":279,"column":0}}]},"26":{"loc":{"start":{"line":301,"column":0},"end":{"line":306,"column":0}},"type":"if","locations":[{"start":{"line":301,"column":0},"end":{"line":306,"column":0}},{"start":{"line":301,"column":0},"end":{"line":306,"column":0}}]}},"s":{"0":0,"1":0,"2":0,"3":0,"4":0,"5":0,"6":0,"7":0,"8":0,"9":0,"10":0,"11":0,"12":0,"13":0,"14":0,"15":0,"16":0,"17":0,"18":0,"19":0,"20":0,"21":0,"22":0,"23":0,"24":0,"25":0,"26":0,"27":0,"28":0,"29":0,"30":0,"31":0,"32":0,"33":0,"34":0,"35":0,"36":0,"37":0,"38":0,"39":0,"40":0,"41":0,"42":0,"43":0,"44":0,"45":0,"46":0,"47":0,"48":0,"49":0,"50":0,"51":0,"52":0,"53":0,"54":0,"55":0,"56":0,"57":0,"58":0,"59":0,"60":0,"61":0,"62":0,"63":0,"64":0,"65":0,"66":0,"67":0,"68":0,"69":0,"70":0,"71":0,"72":0,"73":0,"74":0,"75":0,"76":0,"77":0,"78":0,"79":0,"80":0,"81":0,"82":0,"83":0,"84":0,"85":0,"86":0,"87":0,"88":0,"89":0,"90":0,"91":0,"92":0,"93":0,"94":0},"f":{"0":0},"b":{"0":[0,0],"1":[0,0],"2":[0,0],"3":[0,0],"4":[0,0],"5":[0,0],"6":[0,0],"7":[0,0],"8":[0,0],"9":[0,0],"10":[0,0],"11":[0,0],"12":[0,0],"13":[0,0],"14":[0,0],"15":[0,0],"16":[0,0],"17":[0,0],"18":[0,0],"19":[0,0],"20":[0,0],"21":[0,0],"22":[0,0],"23":[0,0],"24":[0,0],"25":[0,0],"26":[0,0]}}
}
