TN:
SF:D:\Code\cellAuto\auto\cell-auto\src\App.vue
FNF:0
FNH:0
DA:10,0
LF:1
LH:0
BRF:0
BRH:0
end_of_record
TN:
SF:D:\Code\cellAuto\auto\cell-auto\src\components\cell-auto.vue
FN:129,(anonymous_2)
FNF:1
FNH:0
FNDA:0,(anonymous_2)
DA:76,0
DA:80,0
DA:129,0
DA:133,0
DA:134,0
DA:135,0
DA:136,0
DA:137,0
DA:138,0
DA:139,0
DA:140,0
DA:142,0
DA:146,0
DA:148,0
DA:149,0
DA:152,0
DA:153,0
DA:155,0
DA:156,0
DA:157,0
DA:158,0
DA:161,0
DA:164,0
DA:165,0
DA:166,0
DA:168,0
DA:176,0
DA:179,0
DA:182,0
DA:183,0
DA:184,0
DA:185,0
DA:189,0
DA:191,0
DA:194,0
DA:196,0
DA:204,0
DA:205,0
DA:206,0
DA:207,0
DA:208,0
DA:209,0
DA:212,0
DA:213,0
DA:216,0
DA:217,0
DA:218,0
DA:219,0
DA:222,0
DA:223,0
DA:224,0
DA:227,0
DA:228,0
DA:229,0
DA:232,0
DA:233,0
DA:234,0
DA:237,0
DA:238,0
DA:239,0
DA:242,0
DA:243,0
DA:244,0
DA:247,0
DA:248,0
DA:249,0
DA:252,0
DA:253,0
DA:254,0
DA:257,0
DA:261,0
DA:262,0
DA:263,0
DA:265,0
DA:269,0
DA:273,0
DA:274,0
DA:275,0
DA:276,0
DA:278,0
DA:282,0
DA:285,0
DA:286,0
DA:287,0
DA:290,0
DA:293,0
DA:294,0
DA:297,0
DA:298,0
DA:301,0
DA:302,0
DA:303,0
DA:304,0
DA:305,0
DA:309,0
LF:95
LH:0
BRDA:166,0,0,0
BRDA:166,0,1,0
BRDA:184,1,0,0
BRDA:184,1,1,0
BRDA:194,2,0,0
BRDA:194,2,1,0
BRDA:217,3,0,0
BRDA:217,3,1,0
BRDA:217,4,0,0
BRDA:217,4,1,0
BRDA:218,5,0,0
BRDA:218,5,1,0
BRDA:222,6,0,0
BRDA:222,6,1,0
BRDA:223,7,0,0
BRDA:223,7,1,0
BRDA:227,8,0,0
BRDA:227,8,1,0
BRDA:227,9,0,0
BRDA:227,9,1,0
BRDA:228,10,0,0
BRDA:228,10,1,0
BRDA:232,11,0,0
BRDA:232,11,1,0
BRDA:233,12,0,0
BRDA:233,12,1,0
BRDA:237,13,0,0
BRDA:237,13,1,0
BRDA:238,14,0,0
BRDA:238,14,1,0
BRDA:242,15,0,0
BRDA:242,15,1,0
BRDA:242,16,0,0
BRDA:242,16,1,0
BRDA:243,17,0,0
BRDA:243,17,1,0
BRDA:247,18,0,0
BRDA:247,18,1,0
BRDA:248,19,0,0
BRDA:248,19,1,0
BRDA:252,20,0,0
BRDA:252,20,1,0
BRDA:252,21,0,0
BRDA:252,21,1,0
BRDA:253,22,0,0
BRDA:253,22,1,0
BRDA:261,23,0,0
BRDA:261,23,1,0
BRDA:263,24,0,0
BRDA:263,24,1,0
BRDA:275,25,0,0
BRDA:275,25,1,0
BRDA:301,26,0,0
BRDA:301,26,1,0
BRF:54
BRH:0
end_of_record
